# JRE version: Java(TM) SE Runtime Environment (7.0_79-b15) (build 1.7.0_79-b15)
# Java VM: Java HotSpot(TM) 64-Bit Server VM (24.79-b02 mixed mode windows-amd64 compressed oops)
Heap
 PSYoungGen      total 31232K, used 22912K [0x00000000ec500000, 0x00000000f0400000, 0x0000000100000000)
  eden space 29696K, 73% used [0x00000000ec500000,0x00000000eda34008,0x00000000ee200000)
  from space 1536K, 78% used [0x00000000f0280000,0x00000000f03ac010,0x00000000f0400000)
  to   space 1536K, 0% used [0x00000000f0100000,0x00000000f0100000,0x00000000f0280000)
 ParOldGen       total 39936K, used 24K [0x00000000c5000000, 0x00000000c7700000, 0x00000000ec500000)
  object space 39936K, 0% used [0x00000000c5000000,0x00000000c5006000,0x00000000c7700000)
 PSPermGen       total 21504K, used 7922K [0x00000000bfe00000, 0x00000000c1300000, 0x00000000c5000000)
  object space 21504K, 36% used [0x00000000bfe00000,0x00000000c05bc990,0x00000000c1300000)
GC Heap History (10 events):
Event: 1.957 GC heap before
{Heap before GC invocations=2 (full 0):
 PSYoungGen      total 17920K, used 16576K [0x00000000ec500000, 0x00000000ee800000, 0x0000000100000000)
  eden space 15360K, 100% used [0x00000000ec500000,0x00000000ed400000,0x00000000ed400000)
  from space 2560K, 47% used [0x00000000ed400000,0x00000000ed530000,0x00000000ed680000)
  to   space 2560K, 0% used [0x00000000ee580000,0x00000000ee580000,0x00000000ee800000)
 ParOldGen       total 39936K, used 0K [0x00000000c5000000, 0x00000000c7700000, 0x00000000ec500000)
  object space 39936K, 0% used [0x00000000c5000000,0x00000000c5000000,0x00000000c7700000)
 PSPermGen       total 21504K, used 7863K [0x00000000bfe00000, 0x00000000c1300000, 0x00000000c5000000)
  object space 21504K, 36% used [0x00000000bfe00000,0x00000000c05addf8,0x00000000c1300000)
Event: 1.961 GC heap after
Heap after GC invocations=2 (full 0):
 PSYoungGen      total 33280K, used 1216K [0x00000000ec500000, 0x00000000ee800000, 0x0000000100000000)
  eden space 30720K, 0% used [0x00000000ec500000,0x00000000ec500000,0x00000000ee300000)
  from space 2560K, 47% used [0x00000000ee580000,0x00000000ee6b0000,0x00000000ee800000)
  to   space 2560K, 0% used [0x00000000ee300000,0x00000000ee300000,0x00000000ee580000)
 ParOldGen       total 39936K, used 8K [0x00000000c5000000, 0x00000000c7700000, 0x00000000ec500000)
  object space 39936K, 0% used [0x00000000c5000000,0x00000000c5002000,0x00000000c7700000)
 PSPermGen       total 21504K, used 7863K [0x00000000bfe00000, 0x00000000c1300000, 0x00000000c5000000)
  object space 21504K, 36% used [0x00000000bfe00000,0x00000000c05addf8,0x00000000c1300000)
}
Event: 2.972 GC heap before
{Heap before GC invocations=3 (full 0):
 PSYoungGen      total 33280K, used 31936K [0x00000000ec500000, 0x00000000ee800000, 0x0000000100000000)
  eden space 30720K, 100% used [0x00000000ec500000,0x00000000ee300000,0x00000000ee300000)
  from space 2560K, 47% used [0x00000000ee580000,0x00000000ee6b0000,0x00000000ee800000)
  to   space 2560K, 0% used [0x00000000ee300000,0x00000000ee300000,0x00000000ee580000)
 ParOldGen       total 39936K, used 8K [0x00000000c5000000, 0x00000000c7700000, 0x00000000ec500000)
  object space 39936K, 0% used [0x00000000c5000000,0x00000000c5002000,0x00000000c7700000)
 PSPermGen       total 21504K, used 7874K [0x00000000bfe00000, 0x00000000c1300000, 0x00000000c5000000)
  object space 21504K, 36% used [0x00000000bfe00000,0x00000000c05b0b10,0x00000000c1300000)
Event: 2.977 GC heap after
Heap after GC invocations=3 (full 0):
 PSYoungGen      total 33280K, used 1216K [0x00000000ec500000, 0x00000000f0600000, 0x0000000100000000)
  eden space 30720K, 0% used [0x00000000ec500000,0x00000000ec500000,0x00000000ee300000)
  from space 2560K, 47% used [0x00000000ee300000,0x00000000ee430000,0x00000000ee580000)
  to   space 2560K, 0% used [0x00000000f0380000,0x00000000f0380000,0x00000000f0600000)
 ParOldGen       total 39936K, used 16K [0x00000000c5000000, 0x00000000c7700000, 0x00000000ec500000)
  object space 39936K, 0% used [0x00000000c5000000,0x00000000c5004000,0x00000000c7700000)
 PSPermGen       total 21504K, used 7874K [0x00000000bfe00000, 0x00000000c1300000, 0x00000000c5000000)
  object space 21504K, 36% used [0x00000000bfe00000,0x00000000c05b0b10,0x00000000c1300000)
}
Event: 3.760 GC heap before
{Heap before GC invocations=4 (full 0):
 PSYoungGen      total 33280K, used 31936K [0x00000000ec500000, 0x00000000f0600000, 0x0000000100000000)
  eden space 30720K, 100% used [0x00000000ec500000,0x00000000ee300000,0x00000000ee300000)
  from space 2560K, 47% used [0x00000000ee300000,0x00000000ee430000,0x00000000ee580000)
  to   space 2560K, 0% used [0x00000000f0380000,0x00000000f0380000,0x00000000f0600000)
 ParOldGen       total 39936K, used 16K [0x00000000c5000000, 0x00000000c7700000, 0x00000000ec500000)
  object space 39936K, 0% used [0x00000000c5000000,0x00000000c5004000,0x00000000c7700000)
 PSPermGen       total 21504K, used 7882K [0x00000000bfe00000, 0x00000000c1300000, 0x00000000c5000000)
  object space 21504K, 36% used [0x00000000bfe00000,0x00000000c05b2900,0x00000000c1300000)
Event: 3.766 GC heap after
Heap after GC invocations=4 (full 0):
 PSYoungGen      total 32256K, used 1216K [0x00000000ec500000, 0x00000000f0500000, 0x0000000100000000)
  eden space 30720K, 0% used [0x00000000ec500000,0x00000000ec500000,0x00000000ee300000)
  from space 1536K, 79% used [0x00000000f0380000,0x00000000f04b0000,0x00000000f0500000)
  to   space 2560K, 0% used [0x00000000f0000000,0x00000000f0000000,0x00000000f0280000)
 ParOldGen       total 39936K, used 16K [0x00000000c5000000, 0x00000000c7700000, 0x00000000ec500000)
  object space 39936K, 0% used [0x00000000c5000000,0x00000000c5004000,0x00000000c7700000)
 PSPermGen       total 21504K, used 7882K [0x00000000bfe00000, 0x00000000c1300000, 0x00000000c5000000)
  object space 21504K, 36% used [0x00000000bfe00000,0x00000000c05b2900,0x00000000c1300000)
}
Event: 4.595 GC heap before
{Heap before GC invocations=5 (full 0):
 PSYoungGen      total 32256K, used 31936K [0x00000000ec500000, 0x00000000f0500000, 0x0000000100000000)
  eden space 30720K, 100% used [0x00000000ec500000,0x00000000ee300000,0x00000000ee300000)
  from space 1536K, 79% used [0x00000000f0380000,0x00000000f04b0000,0x00000000f0500000)
  to   space 2560K, 0% used [0x00000000f0000000,0x00000000f0000000,0x00000000f0280000)
 ParOldGen       total 39936K, used 16K [0x00000000c5000000, 0x00000000c7700000, 0x00000000ec500000)
  object space 39936K, 0% used [0x00000000c5000000,0x00000000c5004000,0x00000000c7700000)
 PSPermGen       total 21504K, used 7901K [0x00000000bfe00000, 0x00000000c1300000, 0x00000000c5000000)
  object space 21504K, 36% used [0x00000000bfe00000,0x00000000c05b7490,0x00000000c1300000)
Event: 4.601 GC heap after
Heap after GC invocations=5 (full 0):
 PSYoungGen      total 32768K, used 1216K [0x00000000ec500000, 0x00000000f0400000, 0x0000000100000000)
  eden space 30208K, 0% used [0x00000000ec500000,0x00000000ec500000,0x00000000ee280000)
  from space 2560K, 47% used [0x00000000f0000000,0x00000000f0130000,0x00000000f0280000)
  to   space 1536K, 0% used [0x00000000f0280000,0x00000000f0280000,0x00000000f0400000)
 ParOldGen       total 39936K, used 24K [0x00000000c5000000, 0x00000000c7700000, 0x00000000ec500000)
  object space 39936K, 0% used [0x00000000c5000000,0x00000000c5006000,0x00000000c7700000)
 PSPermGen       total 21504K, used 7901K [0x00000000bfe00000, 0x00000000c1300000, 0x00000000c5000000)
  object space 21504K, 36% used [0x00000000bfe00000,0x00000000c05b7490,0x00000000c1300000)
}
Event: 5.420 GC heap before
{Heap before GC invocations=6 (full 0):
 PSYoungGen      total 32768K, used 31424K [0x00000000ec500000, 0x00000000f0400000, 0x0000000100000000)
  eden space 30208K, 100% used [0x00000000ec500000,0x00000000ee280000,0x00000000ee280000)
  from space 2560K, 47% used [0x00000000f0000000,0x00000000f0130000,0x00000000f0280000)
  to   space 1536K, 0% used [0x00000000f0280000,0x00000000f0280000,0x00000000f0400000)
 ParOldGen       total 39936K, used 24K [0x00000000c5000000, 0x00000000c7700000, 0x00000000ec500000)
  object space 39936K, 0% used [0x00000000c5000000,0x00000000c5006000,0x00000000c7700000)
 PSPermGen       total 21504K, used 7919K [0x00000000bfe00000, 0x00000000c1300000, 0x00000000c5000000)
  object space 21504K, 36% used [0x00000000bfe00000,0x00000000c05bbee0,0x00000000c1300000)
Event: 5.424 GC heap after
Heap after GC invocations=6 (full 0):
 PSYoungGen      total 31232K, used 1200K [0x00000000ec500000, 0x00000000f0400000, 0x0000000100000000)
  eden space 29696K, 0% used [0x00000000ec500000,0x00000000ec500000,0x00000000ee200000)
  from space 1536K, 78% used [0x00000000f0280000,0x00000000f03ac010,0x00000000f0400000)
  to   space 1536K, 0% used [0x00000000f0100000,0x00000000f0100000,0x00000000f0280000)
 ParOldGen       total 39936K, used 24K [0x00000000c5000000, 0x00000000c7700000, 0x00000000ec500000)
  object space 39936K, 0% used [0x00000000c5000000,0x00000000c5006000,0x00000000c7700000)
 PSPermGen       total 21504K, used 7919K [0x00000000bfe00000, 0x00000000c1300000, 0x00000000c5000000)
  object space 21504K, 36% used [0x00000000bfe00000,0x00000000c05bbee0,0x00000000c1300000)
}

