# JRE version: Java(TM) SE Runtime Environment (7.0_79-b15) (build 1.7.0_79-b15)
# Java VM: Java HotSpot(TM) 64-Bit Server VM (24.79-b02 mixed mode windows-amd64 compressed oops)
Heap
 PSYoungGen      total 29696K, used 17599K [0x00000000ec500000, 0x00000000ee580000, 0x0000000100000000)
  eden space 29184K, 60% used [0x00000000ec500000,0x00000000ed61fed0,0x00000000ee180000)
  from space 512K, 12% used [0x00000000ee200000,0x00000000ee210000,0x00000000ee280000)
  to   space 2048K, 0% used [0x00000000ee380000,0x00000000ee380000,0x00000000ee580000)
 ParOldGen       total 39936K, used 1196K [0x00000000c5000000, 0x00000000c7700000, 0x00000000ec500000)
  object space 39936K, 2% used [0x00000000c5000000,0x00000000c512b060,0x00000000c7700000)
 PSPermGen       total 21504K, used 7925K [0x00000000bfe00000, 0x00000000c1300000, 0x00000000c5000000)
  object space 21504K, 36% used [0x00000000bfe00000,0x00000000c05bd4e8,0x00000000c1300000)
GC Heap History (10 events):
Event: 3.372 GC heap before
{Heap before GC invocations=5 (full 0):
 PSYoungGen      total 17920K, used 16576K [0x00000000ec500000, 0x00000000ed900000, 0x0000000100000000)
  eden space 15360K, 100% used [0x00000000ec500000,0x00000000ed400000,0x00000000ed400000)
  from space 2560K, 47% used [0x00000000ed680000,0x00000000ed7b0000,0x00000000ed900000)
  to   space 2560K, 0% used [0x00000000ed400000,0x00000000ed400000,0x00000000ed680000)
 ParOldGen       total 39936K, used 16K [0x00000000c5000000, 0x00000000c7700000, 0x00000000ec500000)
  object space 39936K, 0% used [0x00000000c5000000,0x00000000c5004000,0x00000000c7700000)
 PSPermGen       total 21504K, used 7877K [0x00000000bfe00000, 0x00000000c1300000, 0x00000000c5000000)
  object space 21504K, 36% used [0x00000000bfe00000,0x00000000c05b16e8,0x00000000c1300000)
Event: 3.378 GC heap after
Heap after GC invocations=5 (full 0):
 PSYoungGen      total 17920K, used 1200K [0x00000000ec500000, 0x00000000ee600000, 0x0000000100000000)
  eden space 15360K, 0% used [0x00000000ec500000,0x00000000ec500000,0x00000000ed400000)
  from space 2560K, 46% used [0x00000000ed400000,0x00000000ed52c010,0x00000000ed680000)
  to   space 1536K, 0% used [0x00000000ee480000,0x00000000ee480000,0x00000000ee600000)
 ParOldGen       total 39936K, used 16K [0x00000000c5000000, 0x00000000c7700000, 0x00000000ec500000)
  object space 39936K, 0% used [0x00000000c5000000,0x00000000c5004000,0x00000000c7700000)
 PSPermGen       total 21504K, used 7877K [0x00000000bfe00000, 0x00000000c1300000, 0x00000000c5000000)
  object space 21504K, 36% used [0x00000000bfe00000,0x00000000c05b16e8,0x00000000c1300000)
}
Event: 3.781 GC heap before
{Heap before GC invocations=6 (full 0):
 PSYoungGen      total 17920K, used 16560K [0x00000000ec500000, 0x00000000ee600000, 0x0000000100000000)
  eden space 15360K, 100% used [0x00000000ec500000,0x00000000ed400000,0x00000000ed400000)
  from space 2560K, 46% used [0x00000000ed400000,0x00000000ed52c010,0x00000000ed680000)
  to   space 1536K, 0% used [0x00000000ee480000,0x00000000ee480000,0x00000000ee600000)
 ParOldGen       total 39936K, used 16K [0x00000000c5000000, 0x00000000c7700000, 0x00000000ec500000)
  object space 39936K, 0% used [0x00000000c5000000,0x00000000c5004000,0x00000000c7700000)
 PSPermGen       total 21504K, used 7881K [0x00000000bfe00000, 0x00000000c1300000, 0x00000000c5000000)
  object space 21504K, 36% used [0x00000000bfe00000,0x00000000c05b25b8,0x00000000c1300000)
Event: 3.786 GC heap after
Heap after GC invocations=6 (full 0):
 PSYoungGen      total 32256K, used 1216K [0x00000000ec500000, 0x00000000ee600000, 0x0000000100000000)
  eden space 30720K, 0% used [0x00000000ec500000,0x00000000ec500000,0x00000000ee300000)
  from space 1536K, 79% used [0x00000000ee480000,0x00000000ee5b0000,0x00000000ee600000)
  to   space 1536K, 0% used [0x00000000ee300000,0x00000000ee300000,0x00000000ee480000)
 ParOldGen       total 39936K, used 16K [0x00000000c5000000, 0x00000000c7700000, 0x00000000ec500000)
  object space 39936K, 0% used [0x00000000c5000000,0x00000000c5004000,0x00000000c7700000)
 PSPermGen       total 21504K, used 7881K [0x00000000bfe00000, 0x00000000c1300000, 0x00000000c5000000)
  object space 21504K, 36% used [0x00000000bfe00000,0x00000000c05b25b8,0x00000000c1300000)
}
Event: 4.570 GC heap before
{Heap before GC invocations=7 (full 0):
 PSYoungGen      total 32256K, used 31936K [0x00000000ec500000, 0x00000000ee600000, 0x0000000100000000)
  eden space 30720K, 100% used [0x00000000ec500000,0x00000000ee300000,0x00000000ee300000)
  from space 1536K, 79% used [0x00000000ee480000,0x00000000ee5b0000,0x00000000ee600000)
  to   space 1536K, 0% used [0x00000000ee300000,0x00000000ee300000,0x00000000ee480000)
 ParOldGen       total 39936K, used 16K [0x00000000c5000000, 0x00000000c7700000, 0x00000000ec500000)
  object space 39936K, 0% used [0x00000000c5000000,0x00000000c5004000,0x00000000c7700000)
 PSPermGen       total 21504K, used 7899K [0x00000000bfe00000, 0x00000000c1300000, 0x00000000c5000000)
  object space 21504K, 36% used [0x00000000bfe00000,0x00000000c05b6df0,0x00000000c1300000)
Event: 4.575 GC heap after
Heap after GC invocations=7 (full 0):
 PSYoungGen      total 30720K, used 64K [0x00000000ec500000, 0x00000000ee580000, 0x0000000100000000)
  eden space 30208K, 0% used [0x00000000ec500000,0x00000000ec500000,0x00000000ee280000)
  from space 512K, 12% used [0x00000000ee300000,0x00000000ee310000,0x00000000ee380000)
  to   space 1536K, 0% used [0x00000000ee400000,0x00000000ee400000,0x00000000ee580000)
 ParOldGen       total 39936K, used 1188K [0x00000000c5000000, 0x00000000c7700000, 0x00000000ec500000)
  object space 39936K, 2% used [0x00000000c5000000,0x00000000c5129060,0x00000000c7700000)
 PSPermGen       total 21504K, used 7899K [0x00000000bfe00000, 0x00000000c1300000, 0x00000000c5000000)
  object space 21504K, 36% used [0x00000000bfe00000,0x00000000c05b6df0,0x00000000c1300000)
}
Event: 5.353 GC heap before
{Heap before GC invocations=8 (full 0):
 PSYoungGen      total 30720K, used 30272K [0x00000000ec500000, 0x00000000ee580000, 0x0000000100000000)
  eden space 30208K, 100% used [0x00000000ec500000,0x00000000ee280000,0x00000000ee280000)
  from space 512K, 12% used [0x00000000ee300000,0x00000000ee310000,0x00000000ee380000)
  to   space 1536K, 0% used [0x00000000ee400000,0x00000000ee400000,0x00000000ee580000)
 ParOldGen       total 39936K, used 1188K [0x00000000c5000000, 0x00000000c7700000, 0x00000000ec500000)
  object space 39936K, 2% used [0x00000000c5000000,0x00000000c5129060,0x00000000c7700000)
 PSPermGen       total 21504K, used 7919K [0x00000000bfe00000, 0x00000000c1300000, 0x00000000c5000000)
  object space 21504K, 36% used [0x00000000bfe00000,0x00000000c05bbf00,0x00000000c1300000)
Event: 5.356 GC heap after
Heap after GC invocations=8 (full 0):
 PSYoungGen      total 31232K, used 64K [0x00000000ec500000, 0x00000000ee600000, 0x0000000100000000)
  eden space 29696K, 0% used [0x00000000ec500000,0x00000000ec500000,0x00000000ee200000)
  from space 1536K, 4% used [0x00000000ee400000,0x00000000ee410000,0x00000000ee580000)
  to   space 2048K, 0% used [0x00000000ee200000,0x00000000ee200000,0x00000000ee400000)
 ParOldGen       total 39936K, used 1196K [0x00000000c5000000, 0x00000000c7700000, 0x00000000ec500000)
  object space 39936K, 2% used [0x00000000c5000000,0x00000000c512b060,0x00000000c7700000)
 PSPermGen       total 21504K, used 7919K [0x00000000bfe00000, 0x00000000c1300000, 0x00000000c5000000)
  object space 21504K, 36% used [0x00000000bfe00000,0x00000000c05bbf00,0x00000000c1300000)
}
Event: 6.155 GC heap before
{Heap before GC invocations=9 (full 0):
 PSYoungGen      total 31232K, used 29760K [0x00000000ec500000, 0x00000000ee600000, 0x0000000100000000)
  eden space 29696K, 100% used [0x00000000ec500000,0x00000000ee200000,0x00000000ee200000)
  from space 1536K, 4% used [0x00000000ee400000,0x00000000ee410000,0x00000000ee580000)
  to   space 2048K, 0% used [0x00000000ee200000,0x00000000ee200000,0x00000000ee400000)
 ParOldGen       total 39936K, used 1196K [0x00000000c5000000, 0x00000000c7700000, 0x00000000ec500000)
  object space 39936K, 2% used [0x00000000c5000000,0x00000000c512b060,0x00000000c7700000)
 PSPermGen       total 21504K, used 7921K [0x00000000bfe00000, 0x00000000c1300000, 0x00000000c5000000)
  object space 21504K, 36% used [0x00000000bfe00000,0x00000000c05bc5d0,0x00000000c1300000)
Event: 6.156 GC heap after
Heap after GC invocations=9 (full 0):
 PSYoungGen      total 29696K, used 64K [0x00000000ec500000, 0x00000000ee580000, 0x0000000100000000)
  eden space 29184K, 0% used [0x00000000ec500000,0x00000000ec500000,0x00000000ee180000)
  from space 512K, 12% used [0x00000000ee200000,0x00000000ee210000,0x00000000ee280000)
  to   space 2048K, 0% used [0x00000000ee380000,0x00000000ee380000,0x00000000ee580000)
 ParOldGen       total 39936K, used 1196K [0x00000000c5000000, 0x00000000c7700000, 0x00000000ec500000)
  object space 39936K, 2% used [0x00000000c5000000,0x00000000c512b060,0x00000000c7700000)
 PSPermGen       total 21504K, used 7921K [0x00000000bfe00000, 0x00000000c1300000, 0x00000000c5000000)
  object space 21504K, 36% used [0x00000000bfe00000,0x00000000c05bc5d0,0x00000000c1300000)
}

